  Building Custom Rule C:/Users/13703/source/repos/1370339317/keystoneR/llvm/keystone/CMakeLists.txt
  ConstantPools.cpp
  ELFObjectWriter.cpp
  MCAsmBackend.cpp
  MCAsmInfo.cpp
  MCAsmInfoCOFF.cpp
  MCAsmInfoDarwin.cpp
  MCAsmInfoELF.cpp
  MCAssembler.cpp
  MCCodeEmitter.cpp
  MCContext.cpp
  MCELFObjectTargetWriter.cpp
  MCELFStreamer.cpp
  MCExpr.cpp
  MCFragment.cpp
  MCInst.cpp
  MCInstrDesc.cpp
  MCLabel.cpp
  MCObjectFileInfo.cpp
  MCObjectStreamer.cpp
  MCObjectWriter.cpp
  AsmLexer.cpp
  AsmParser.cpp
  COFFAsmParser.cpp
  DarwinAsmParser.cpp
  ELFAsmParser.cpp
  MCAsmLexer.cpp
  MCAsmParser.cpp
  MCAsmParserExtension.cpp
  MCTargetAsmParser.cpp
  MCRegisterInfo.cpp
  MCSection.cpp
  MCSectionCOFF.cpp
  MCSectionELF.cpp
  MCSectionMachO.cpp
  MCStreamer.cpp
  MCSubtargetInfo.cpp
  MCSymbol.cpp
  MCSymbolELF.cpp
  MCTargetOptions.cpp
  MCValue.cpp
  StringTableBuilder.cpp
  SubtargetFeature.cpp
  APFloat.cpp
  APInt.cpp
  APSInt.cpp
  ARMBuildAttrs.cpp
  ErrorHandling.cpp
  Hashing.cpp
  IntEqClasses.cpp
  LEB128.cpp
  Memory.cpp
  MemoryBuffer.cpp
  Path.cpp
  Regex.cpp
  ScaledNumber.cpp
  SmallPtrSet.cpp
  SmallVector.cpp
  SourceMgr.cpp
  StringExtras.cpp
  StringMap.cpp
  StringPool.cpp
  StringRef.cpp
  StringSaver.cpp
  TargetParser.cpp
  TargetRegistry.cpp
  Triple.cpp
  Twine.cpp
  raw_ostream.cpp
  AArch64AsmParser.cpp
  AArch64AsmBackend.cpp
  AArch64ELFObjectWriter.cpp
  AArch64MCAsmInfo.cpp
  AArch64MCCodeEmitter.cpp
  AArch64MCExpr.cpp
  AArch64MCTargetDesc.cpp
  AArch64TargetStreamer.cpp
  AArch64TargetInfo.cpp
  AArch64BaseInfo.cpp
  ARMAsmParser.cpp
  ARMAsmBackend.cpp
  ARMELFObjectWriter.cpp
  ARMMCAsmInfo.cpp
  ARMMCCodeEmitter.cpp
  ARMMCExpr.cpp
  ARMMCTargetDesc.cpp
  ARMTargetStreamer.cpp
  ARMTargetInfo.cpp
  HexagonAsmParser.cpp
  HexagonAsmBackend.cpp
  HexagonELFObjectWriter.cpp
  HexagonMCAsmInfo.cpp
  HexagonMCChecker.cpp
  HexagonMCCodeEmitter.cpp
  HexagonMCCompound.cpp
  HexagonMCDuplexInfo.cpp
  HexagonMCExpr.cpp
  HexagonMCInstrInfo.cpp
  HexagonMCShuffler.cpp
  HexagonMCTargetDesc.cpp
  HexagonShuffler.cpp
  HexagonTargetInfo.cpp
  MipsAsmParser.cpp
  MipsABIInfo.cpp
  MipsAsmBackend.cpp
  MipsELFObjectWriter.cpp
  MipsMCAsmInfo.cpp
  MipsMCCodeEmitter.cpp
  MipsMCExpr.cpp
  MipsMCTargetDesc.cpp
  MipsTargetInfo.cpp
  PPCAsmParser.cpp
  PPCAsmBackend.cpp
  PPCELFObjectWriter.cpp
  PPCMCAsmInfo.cpp
  PPCMCCodeEmitter.cpp
  PPCMCExpr.cpp
  PPCMCTargetDesc.cpp
  PPCPredicates.cpp
  PowerPCTargetInfo.cpp
  SparcAsmParser.cpp
  SparcAsmBackend.cpp
  SparcELFObjectWriter.cpp
  SparcMCAsmInfo.cpp
  SparcMCCodeEmitter.cpp
  SparcMCExpr.cpp
  SparcMCTargetDesc.cpp
  SparcTargetInfo.cpp
  SystemZAsmParser.cpp
  SystemZMCAsmBackend.cpp
  SystemZMCAsmInfo.cpp
  SystemZMCCodeEmitter.cpp
  SystemZMCObjectWriter.cpp
  SystemZMCTargetDesc.cpp
  SystemZTargetInfo.cpp
  X86AsmInstrumentation.cpp
  X86AsmParser.cpp
  X86AsmBackend.cpp
  X86ELFObjectWriter.cpp
  X86MCAsmInfo.cpp
  X86MCCodeEmitter.cpp
  X86MCTargetDesc.cpp
  X86TargetInfo.cpp
  ks.cpp
  EVMMapping.cpp
  regcomp.c
  regerror.c
  regexec.c
  regfree.c
  regstrlcpy.c
  keystone.vcxproj -> C:\Users\13703\source\repos\1370339317\keystoneR\msvc\llvm\lib\Debug\keystone.lib
